<?xml version="1.0" encoding="UTF-8"?>
<!-- Generated by org.testng.reporters.JUnitReportReporter -->
<testsuite name="qsp.DemoB" tests="1" time="50.305" ignored="0" failures="0" timestamp="28 Jan 2018 12:57:35 GMT" skipped="0" hostname="CBT-LAB-028" errors="0">
  <testcase name="launchB" time="50.305" classname="qsp.DemoB"/>
</testsuite> <!-- qsp.DemoB -->
